<?xml version="1.0" encoding="UTF-8"?>
<!-- Generated by org.testng.reporters.JUnitXMLReporter -->
<testsuite ignored="0" hostname="DESKTOP-4DO5TI3" failures="0" tests="3" name="Test" time="14.415" errors="0" timestamp="28 Feb 2024 16:59:33 GMT">
  <testcase classname="Testing_Script.Fblogin" name="loginI" time="9.115"/>
  <testcase classname="Login.fb_page" name="loginI" time="0.003"/>
  <testcase classname="Testing_FB.Runner_class" name="loginI" time="5.254"/>
</testsuite> <!-- Test -->
